Using pre-set license
Built from '2020.3/staging' branch; Version is '2020.3.32f1 (12f8b0834f07) revision 1243312'; Using compiler version '192528614'; Build Type 'Release'
OS: 'Windows 10  (10.0.19044) 64bit Professional' Language: 'pt' Physical Memory: 16313 MB
BatchMode: 1, IsHumanControllingUs: 0, StartBugReporterOnCrash: 0, Is64bit: 1, IsPro: 0

COMMAND LINE ARGUMENTS:
C:\Program Files\Unity\Hub\Editor\2020.3.32f1\Editor\Unity.exe
-adb2
-batchMode
-noUpm
-name
AssetImportWorker0
-projectPath
D:/Documents/Github/Meio-Ambiente
-logFile
Logs/AssetImportWorker0.log
-srvPort
61169
Successfully changed project path to: D:/Documents/Github/Meio-Ambiente
D:/Documents/Github/Meio-Ambiente
Using Asset Import Pipeline V2.
Refreshing native plugins compatible for Editor in 49.25 ms, found 3 plugins.
Preloading 0 native plugins for Editor in 0.00 ms.
Initialize engine version: 2020.3.32f1 (12f8b0834f07)
[Subsystems] Discovering subsystems at path C:/Program Files/Unity/Hub/Editor/2020.3.32f1/Editor/Data/Resources/UnitySubsystems
[Subsystems] Discovering subsystems at path D:/Documents/Github/Meio-Ambiente/Assets
GfxDevice: creating device client; threaded=0
Direct3D:
    Version:  Direct3D 11.0 [level 11.1]
    Renderer: Radeon RX 5500 XT (ID=0x7340)
    Vendor:   
    VRAM:     4055 MB
    Driver:   31.0.12027.9001
Initialize mono
Mono path[0] = 'C:/Program Files/Unity/Hub/Editor/2020.3.32f1/Editor/Data/Managed'
Mono path[1] = 'C:/Program Files/Unity/Hub/Editor/2020.3.32f1/Editor/Data/MonoBleedingEdge/lib/mono/unityjit'
Mono config path = 'C:/Program Files/Unity/Hub/Editor/2020.3.32f1/Editor/Data/MonoBleedingEdge/etc'
Using monoOptions --debugger-agent=transport=dt_socket,embedding=1,server=y,suspend=n,address=127.0.0.1:56040
Begin MonoManager ReloadAssembly
Registering precompiled unity dll's ...
Register platform support module: C:/Program Files/Unity/Hub/Editor/2020.3.32f1/Editor/Data/PlaybackEngines/WindowsStandaloneSupport/UnityEditor.WindowsStandalone.Extensions.dll
Registered in 0.001803 seconds.
Native extension for WindowsStandalone target not found
Refreshing native plugins compatible for Editor in 46.89 ms, found 3 plugins.
Preloading 0 native plugins for Editor in 0.00 ms.
Mono: successfully reloaded assembly
- Completed reload, in  0.622 seconds
Domain Reload Profiling:
	ReloadAssembly (623ms)
		BeginReloadAssembly (73ms)
			ExecutionOrderSort (0ms)
			DisableScriptedObjects (0ms)
			BackupInstance (0ms)
			ReleaseScriptingObjects (0ms)
			CreateAndSetChildDomain (1ms)
		EndReloadAssembly (478ms)
			LoadAssemblies (71ms)
			RebuildTransferFunctionScriptingTraits (0ms)
			SetupTypeCache (151ms)
			ReleaseScriptCaches (0ms)
			RebuildScriptCaches (35ms)
			SetupLoadedEditorAssemblies (186ms)
				LogAssemblyErrors (0ms)
				InitializePlatformSupportModulesInManaged (5ms)
				SetLoadedEditorAssemblies (0ms)
				RefreshPlugins (47ms)
				BeforeProcessingInitializeOnLoad (19ms)
				ProcessInitializeOnLoadAttributes (86ms)
				ProcessInitializeOnLoadMethodAttributes (29ms)
				AfterProcessingInitializeOnLoad (0ms)
				EditorAssembliesLoaded (0ms)
			ExecutionOrderSort2 (0ms)
			AwakeInstancesAfterBackupRestoration (0ms)
Platform modules already initialized, skipping
Registering precompiled user dll's ...
Registered in 0.003717 seconds.
Begin MonoManager ReloadAssembly
Native extension for WindowsStandalone target not found
Refreshing native plugins compatible for Editor in 47.22 ms, found 3 plugins.
Preloading 0 native plugins for Editor in 0.00 ms.
Mono: successfully reloaded assembly
- Completed reload, in  1.206 seconds
Domain Reload Profiling:
	ReloadAssembly (1207ms)
		BeginReloadAssembly (165ms)
			ExecutionOrderSort (0ms)
			DisableScriptedObjects (5ms)
			BackupInstance (0ms)
			ReleaseScriptingObjects (0ms)
			CreateAndSetChildDomain (21ms)
		EndReloadAssembly (979ms)
			LoadAssemblies (114ms)
			RebuildTransferFunctionScriptingTraits (0ms)
			SetupTypeCache (307ms)
			ReleaseScriptCaches (0ms)
			RebuildScriptCaches (60ms)
			SetupLoadedEditorAssemblies (380ms)
				LogAssemblyErrors (0ms)
				InitializePlatformSupportModulesInManaged (4ms)
				SetLoadedEditorAssemblies (0ms)
				RefreshPlugins (47ms)
				BeforeProcessingInitializeOnLoad (89ms)
				ProcessInitializeOnLoadAttributes (216ms)
				ProcessInitializeOnLoadMethodAttributes (18ms)
				AfterProcessingInitializeOnLoad (6ms)
				EditorAssembliesLoaded (0ms)
			ExecutionOrderSort2 (0ms)
			AwakeInstancesAfterBackupRestoration (7ms)
Platform modules already initialized, skipping
========================================================================
Worker process is ready to serve import requests
Launched and connected shader compiler UnityShaderCompiler.exe after 0.05 seconds
Refreshing native plugins compatible for Editor in 0.51 ms, found 3 plugins.
Preloading 0 native plugins for Editor in 0.00 ms.
Unloading 2259 Unused Serialized files (Serialized files now loaded: 0)
System memory in use before: 100.7 MB.
System memory in use after: 100.8 MB.

Unloading 25 unused Assets to reduce memory usage. Loaded Objects now: 2700.
Total: 2.897800 ms (FindLiveObjects: 0.172600 ms CreateObjectMapping: 0.093700 ms MarkObjects: 2.563700 ms  DeleteObjects: 0.067000 ms)

AssetImportParameters requested are different than current active one (requested -> active):
  custom:framework-win-MediaFoundation: 216162199b28c13a410421893ffa2e32 -> 
  custom:video-decoder-ogg-theora: a1e56fd34408186e4bbccfd4996cb3dc -> 
  custom:container-muxer-webm: aa71ff27fc2769a1b78a27578f13a17b -> 
  custom:container-demuxer-webm: 4f35f7cbe854078d1ac9338744f61a02 -> 
  custom:container-demuxer-ogg: 62fdf1f143b41e24485cea50d1cbac27 -> 
  custom:video-encoder-webm-vp8: eb34c28f22e8b96e1ab97ce403110664 -> 
  custom:video-decoder-webm-vp8: 9c59270c3fd7afecdb556c50c9e8de78 -> 
  custom:audio-decoder-ogg-vorbis: bf7c407c2cedff20999df2af8eb42d56 -> 
  custom:audio-encoder-webm-vorbis: bf7c407c2cedff20999df2af8eb42d56 -> 
========================================================================
Received Import Request.
  path: Assets/Prefabs/Characters/Animation/Cabelo 1/Iddle.anim
  artifactKey: Guid(618b708ef1cde414b8eb59f94c13af7e) Importer(815301076,1909f56bfc062723c751e8b465ee728b)
Start importing Assets/Prefabs/Characters/Animation/Cabelo 1/Iddle.anim using Guid(618b708ef1cde414b8eb59f94c13af7e) Importer(815301076,1909f56bfc062723c751e8b465ee728b)  -> (artifact id: 'fb1ab2a004bf31640c0773c73f0303f3') in 0.051650 seconds 
========================================================================
Received Import Request.
  Time since last request: 959.716908 seconds.
  path: Assets/Prefabs/Characters/Animation/Cabelo 1/cabelo 1 iddle.png
  artifactKey: Guid(4e82ab93a2bf5c64d9e5985043bc6f13) Importer(815301076,1909f56bfc062723c751e8b465ee728b)
Start importing Assets/Prefabs/Characters/Animation/Cabelo 1/cabelo 1 iddle.png using Guid(4e82ab93a2bf5c64d9e5985043bc6f13) Importer(815301076,1909f56bfc062723c751e8b465ee728b)  -> (artifact id: '379e5704da67b2b3f6ede24c9228d6b1') in 0.230521 seconds 
========================================================================
Received Prepare
Registering precompiled user dll's ...
Registered in 0.003700 seconds.
Begin MonoManager ReloadAssembly
Native extension for WindowsStandalone target not found
Refreshing native plugins compatible for Editor in 0.56 ms, found 3 plugins.
Preloading 0 native plugins for Editor in 0.00 ms.
Mono: successfully reloaded assembly
- Completed reload, in  1.070 seconds
Domain Reload Profiling:
	ReloadAssembly (1071ms)
		BeginReloadAssembly (124ms)
			ExecutionOrderSort (0ms)
			DisableScriptedObjects (7ms)
			BackupInstance (0ms)
			ReleaseScriptingObjects (0ms)
			CreateAndSetChildDomain (40ms)
		EndReloadAssembly (886ms)
			LoadAssemblies (103ms)
			RebuildTransferFunctionScriptingTraits (0ms)
			SetupTypeCache (291ms)
			ReleaseScriptCaches (1ms)
			RebuildScriptCaches (54ms)
			SetupLoadedEditorAssemblies (333ms)
				LogAssemblyErrors (0ms)
				InitializePlatformSupportModulesInManaged (6ms)
				SetLoadedEditorAssemblies (1ms)
				RefreshPlugins (1ms)
				BeforeProcessingInitializeOnLoad (94ms)
				ProcessInitializeOnLoadAttributes (213ms)
				ProcessInitializeOnLoadMethodAttributes (12ms)
				AfterProcessingInitializeOnLoad (6ms)
				EditorAssembliesLoaded (0ms)
			ExecutionOrderSort2 (0ms)
			AwakeInstancesAfterBackupRestoration (11ms)
Platform modules already initialized, skipping
Refreshing native plugins compatible for Editor in 0.51 ms, found 3 plugins.
Preloading 0 native plugins for Editor in 0.00 ms.
Unloading 2235 Unused Serialized files (Serialized files now loaded: 0)
System memory in use before: 101.7 MB.
System memory in use after: 101.8 MB.

Unloading 14 unused Assets to reduce memory usage. Loaded Objects now: 2712.
Total: 2.851100 ms (FindLiveObjects: 0.193000 ms CreateObjectMapping: 0.100200 ms MarkObjects: 2.525700 ms  DeleteObjects: 0.031300 ms)

AssetImportParameters requested are different than current active one (requested -> active):
  custom:framework-win-MediaFoundation: 216162199b28c13a410421893ffa2e32 -> 
  custom:video-decoder-ogg-theora: a1e56fd34408186e4bbccfd4996cb3dc -> 
  custom:container-muxer-webm: aa71ff27fc2769a1b78a27578f13a17b -> 
  custom:container-demuxer-webm: 4f35f7cbe854078d1ac9338744f61a02 -> 
  custom:container-demuxer-ogg: 62fdf1f143b41e24485cea50d1cbac27 -> 
  custom:video-encoder-webm-vp8: eb34c28f22e8b96e1ab97ce403110664 -> 
  custom:video-decoder-webm-vp8: 9c59270c3fd7afecdb556c50c9e8de78 -> 
  custom:audio-decoder-ogg-vorbis: bf7c407c2cedff20999df2af8eb42d56 -> 
  custom:audio-encoder-webm-vorbis: bf7c407c2cedff20999df2af8eb42d56 -> 
========================================================================
Received Import Request.
  Time since last request: 47.441694 seconds.
  path: Assets/Prefabs/Characters/Animation/Cabelo 1/Cabelo 1.controller
  artifactKey: Guid(99046407598beed4e98b9fbba3823c0f) Importer(815301076,1909f56bfc062723c751e8b465ee728b)
Start importing Assets/Prefabs/Characters/Animation/Cabelo 1/Cabelo 1.controller using Guid(99046407598beed4e98b9fbba3823c0f) Importer(815301076,1909f56bfc062723c751e8b465ee728b)  -> (artifact id: 'aedee10b4d704e2d6622992a746c65d8') in 0.077770 seconds 
========================================================================
Received Prepare
Registering precompiled user dll's ...
Registered in 0.003815 seconds.
Begin MonoManager ReloadAssembly
Native extension for WindowsStandalone target not found
Refreshing native plugins compatible for Editor in 0.51 ms, found 3 plugins.
Preloading 0 native plugins for Editor in 0.00 ms.
Mono: successfully reloaded assembly
- Completed reload, in  1.095 seconds
Domain Reload Profiling:
	ReloadAssembly (1095ms)
		BeginReloadAssembly (126ms)
			ExecutionOrderSort (0ms)
			DisableScriptedObjects (9ms)
			BackupInstance (0ms)
			ReleaseScriptingObjects (0ms)
			CreateAndSetChildDomain (38ms)
		EndReloadAssembly (909ms)
			LoadAssemblies (114ms)
			RebuildTransferFunctionScriptingTraits (0ms)
			SetupTypeCache (331ms)
			ReleaseScriptCaches (1ms)
			RebuildScriptCaches (49ms)
			SetupLoadedEditorAssemblies (326ms)
				LogAssemblyErrors (0ms)
				InitializePlatformSupportModulesInManaged (5ms)
				SetLoadedEditorAssemblies (1ms)
				RefreshPlugins (1ms)
				BeforeProcessingInitializeOnLoad (88ms)
				ProcessInitializeOnLoadAttributes (212ms)
				ProcessInitializeOnLoadMethodAttributes (13ms)
				AfterProcessingInitializeOnLoad (6ms)
				EditorAssembliesLoaded (0ms)
			ExecutionOrderSort2 (0ms)
			AwakeInstancesAfterBackupRestoration (9ms)
Platform modules already initialized, skipping
Refreshing native plugins compatible for Editor in 1.24 ms, found 3 plugins.
Preloading 0 native plugins for Editor in 0.00 ms.
Unloading 2235 Unused Serialized files (Serialized files now loaded: 0)
System memory in use before: 101.7 MB.
System memory in use after: 101.9 MB.

Unloading 14 unused Assets to reduce memory usage. Loaded Objects now: 2715.
Total: 2.850300 ms (FindLiveObjects: 0.161000 ms CreateObjectMapping: 0.086700 ms MarkObjects: 2.579300 ms  DeleteObjects: 0.022000 ms)

AssetImportParameters requested are different than current active one (requested -> active):
  custom:framework-win-MediaFoundation: 216162199b28c13a410421893ffa2e32 -> 
  custom:video-decoder-ogg-theora: a1e56fd34408186e4bbccfd4996cb3dc -> 
  custom:container-muxer-webm: aa71ff27fc2769a1b78a27578f13a17b -> 
  custom:container-demuxer-webm: 4f35f7cbe854078d1ac9338744f61a02 -> 
  custom:container-demuxer-ogg: 62fdf1f143b41e24485cea50d1cbac27 -> 
  custom:video-encoder-webm-vp8: eb34c28f22e8b96e1ab97ce403110664 -> 
  custom:video-decoder-webm-vp8: 9c59270c3fd7afecdb556c50c9e8de78 -> 
  custom:audio-decoder-ogg-vorbis: bf7c407c2cedff20999df2af8eb42d56 -> 
  custom:audio-encoder-webm-vorbis: bf7c407c2cedff20999df2af8eb42d56 -> 
========================================================================
Received Import Request.
  Time since last request: 83.181620 seconds.
  path: Assets/Prefabs/Characters/Animation/Cabelo 1/cabelo 1 iddle.png
  artifactKey: Guid(4e82ab93a2bf5c64d9e5985043bc6f13) Importer(815301076,1909f56bfc062723c751e8b465ee728b)
Start importing Assets/Prefabs/Characters/Animation/Cabelo 1/cabelo 1 iddle.png using Guid(4e82ab93a2bf5c64d9e5985043bc6f13) Importer(815301076,1909f56bfc062723c751e8b465ee728b)  -> (artifact id: '13ca406abfeba7ef0fe70fb76153751b') in 0.069628 seconds 
========================================================================
Received Import Request.
  Time since last request: 11.149138 seconds.
  path: Assets/Prefabs/Characters/Animation/Cabelo 1/Iddle.anim
  artifactKey: Guid(618b708ef1cde414b8eb59f94c13af7e) Importer(815301076,1909f56bfc062723c751e8b465ee728b)
Start importing Assets/Prefabs/Characters/Animation/Cabelo 1/Iddle.anim using Guid(618b708ef1cde414b8eb59f94c13af7e) Importer(815301076,1909f56bfc062723c751e8b465ee728b)  -> (artifact id: 'f444e58447716d85b985413e85020a04') in 0.007720 seconds 
========================================================================
Received Import Request.
  Time since last request: 571.711852 seconds.
  path: Assets/Prefabs/Characters/Animation/Cabelo 1/cabelo 1 iddle.png
  artifactKey: Guid(4e82ab93a2bf5c64d9e5985043bc6f13) Importer(815301076,1909f56bfc062723c751e8b465ee728b)
Start importing Assets/Prefabs/Characters/Animation/Cabelo 1/cabelo 1 iddle.png using Guid(4e82ab93a2bf5c64d9e5985043bc6f13) Importer(815301076,1909f56bfc062723c751e8b465ee728b)  -> (artifact id: 'a441701b04c1cea640996d594f9eb752') in 0.039029 seconds 
========================================================================
Received Import Request.
  Time since last request: 33.051147 seconds.
  path: Assets/Prefabs/Characters/Animation/Cabelo 1/cabelo 1 iddle.png
  artifactKey: Guid(4e82ab93a2bf5c64d9e5985043bc6f13) Importer(815301076,1909f56bfc062723c751e8b465ee728b)
Start importing Assets/Prefabs/Characters/Animation/Cabelo 1/cabelo 1 iddle.png using Guid(4e82ab93a2bf5c64d9e5985043bc6f13) Importer(815301076,1909f56bfc062723c751e8b465ee728b)  -> (artifact id: '969f239a5175fdcc340835330434737b') in 0.039315 seconds 
========================================================================
Received Prepare
Registering precompiled user dll's ...
Registered in 0.004050 seconds.
Begin MonoManager ReloadAssembly
Native extension for WindowsStandalone target not found
Refreshing native plugins compatible for Editor in 0.51 ms, found 3 plugins.
Preloading 0 native plugins for Editor in 0.00 ms.
Mono: successfully reloaded assembly
- Completed reload, in  1.008 seconds
Domain Reload Profiling:
	ReloadAssembly (1009ms)
		BeginReloadAssembly (129ms)
			ExecutionOrderSort (0ms)
			DisableScriptedObjects (7ms)
			BackupInstance (0ms)
			ReleaseScriptingObjects (0ms)
			CreateAndSetChildDomain (41ms)
		EndReloadAssembly (823ms)
			LoadAssemblies (102ms)
			RebuildTransferFunctionScriptingTraits (0ms)
			SetupTypeCache (264ms)
			ReleaseScriptCaches (1ms)
			RebuildScriptCaches (51ms)
			SetupLoadedEditorAssemblies (316ms)
				LogAssemblyErrors (0ms)
				InitializePlatformSupportModulesInManaged (5ms)
				SetLoadedEditorAssemblies (1ms)
				RefreshPlugins (1ms)
				BeforeProcessingInitializeOnLoad (85ms)
				ProcessInitializeOnLoadAttributes (207ms)
				ProcessInitializeOnLoadMethodAttributes (13ms)
				AfterProcessingInitializeOnLoad (6ms)
				EditorAssembliesLoaded (0ms)
			ExecutionOrderSort2 (0ms)
			AwakeInstancesAfterBackupRestoration (9ms)
Platform modules already initialized, skipping
Refreshing native plugins compatible for Editor in 0.50 ms, found 3 plugins.
Preloading 0 native plugins for Editor in 0.00 ms.
Unloading 2235 Unused Serialized files (Serialized files now loaded: 0)
System memory in use before: 101.9 MB.
System memory in use after: 102.0 MB.

Unloading 14 unused Assets to reduce memory usage. Loaded Objects now: 2719.
Total: 3.067700 ms (FindLiveObjects: 0.223100 ms CreateObjectMapping: 0.112200 ms MarkObjects: 2.700500 ms  DeleteObjects: 0.031200 ms)

AssetImportParameters requested are different than current active one (requested -> active):
  custom:framework-win-MediaFoundation: 216162199b28c13a410421893ffa2e32 -> 
  custom:video-decoder-ogg-theora: a1e56fd34408186e4bbccfd4996cb3dc -> 
  custom:container-muxer-webm: aa71ff27fc2769a1b78a27578f13a17b -> 
  custom:container-demuxer-webm: 4f35f7cbe854078d1ac9338744f61a02 -> 
  custom:container-demuxer-ogg: 62fdf1f143b41e24485cea50d1cbac27 -> 
  custom:video-encoder-webm-vp8: eb34c28f22e8b96e1ab97ce403110664 -> 
  custom:video-decoder-webm-vp8: 9c59270c3fd7afecdb556c50c9e8de78 -> 
  custom:audio-decoder-ogg-vorbis: bf7c407c2cedff20999df2af8eb42d56 -> 
  custom:audio-encoder-webm-vorbis: bf7c407c2cedff20999df2af8eb42d56 -> 
========================================================================
Received Import Request.
  Time since last request: 144.631734 seconds.
  path: Assets/Prefabs/Characters/Animation/Cabelo 1/Iddle.anim
  artifactKey: Guid(618b708ef1cde414b8eb59f94c13af7e) Importer(815301076,1909f56bfc062723c751e8b465ee728b)
Start importing Assets/Prefabs/Characters/Animation/Cabelo 1/Iddle.anim using Guid(618b708ef1cde414b8eb59f94c13af7e) Importer(815301076,1909f56bfc062723c751e8b465ee728b)  -> (artifact id: '6b87f2db8b3d92025c2732eb581ecb3a') in 0.019313 seconds 
========================================================================
Received Import Request.
  Time since last request: 16.928899 seconds.
  path: Assets/Prefabs/Characters/Animation/Cabelo 1/Cabelo 1.controller
  artifactKey: Guid(99046407598beed4e98b9fbba3823c0f) Importer(815301076,1909f56bfc062723c751e8b465ee728b)
Start importing Assets/Prefabs/Characters/Animation/Cabelo 1/Cabelo 1.controller using Guid(99046407598beed4e98b9fbba3823c0f) Importer(815301076,1909f56bfc062723c751e8b465ee728b)  -> (artifact id: 'b305cce6ef72964859524c86ec25dc8d') in 0.014653 seconds 
========================================================================
Received Import Request.
  Time since last request: 10.230445 seconds.
  path: Assets/Prefabs/Characters/Animation/Cabelo 1/Idle.anim
  artifactKey: Guid(618b708ef1cde414b8eb59f94c13af7e) Importer(815301076,1909f56bfc062723c751e8b465ee728b)
Start importing Assets/Prefabs/Characters/Animation/Cabelo 1/Idle.anim using Guid(618b708ef1cde414b8eb59f94c13af7e) Importer(815301076,1909f56bfc062723c751e8b465ee728b)  -> (artifact id: '803eb5ae26f5afbb271b512fda44dda2') in 0.010537 seconds 
========================================================================
Received Import Request.
  Time since last request: 16.025536 seconds.
  path: Assets/Prefabs/Characters/Animation/Cabelo 1/Move.anim
  artifactKey: Guid(983a64dec357c2942a2b8ffa0bb6a320) Importer(815301076,1909f56bfc062723c751e8b465ee728b)
Start importing Assets/Prefabs/Characters/Animation/Cabelo 1/Move.anim using Guid(983a64dec357c2942a2b8ffa0bb6a320) Importer(815301076,1909f56bfc062723c751e8b465ee728b)  -> (artifact id: 'aac805ed99024a280dbb266bb121fa50') in 0.025020 seconds 
========================================================================
Received Import Request.
  Time since last request: 49.955904 seconds.
  path: Assets/Prefabs/Characters/Animation/Cabelo 2/New Animation.anim
  artifactKey: Guid(ea05840457e0d4b4f9930438b807aadc) Importer(815301076,1909f56bfc062723c751e8b465ee728b)
Start importing Assets/Prefabs/Characters/Animation/Cabelo 2/New Animation.anim using Guid(ea05840457e0d4b4f9930438b807aadc) Importer(815301076,1909f56bfc062723c751e8b465ee728b)  -> (artifact id: '4c8d20735ed180e290e09974ea165203') in 0.011331 seconds 
========================================================================
Received Import Request.
  Time since last request: 9.474462 seconds.
  path: Assets/Prefabs/Characters/Animation/Cabelo Grande 1/Cabelo Grande 1.controller
  artifactKey: Guid(fd2acaee60013cf41b89c87fb6053802) Importer(815301076,1909f56bfc062723c751e8b465ee728b)
Start importing Assets/Prefabs/Characters/Animation/Cabelo Grande 1/Cabelo Grande 1.controller using Guid(fd2acaee60013cf41b89c87fb6053802) Importer(815301076,1909f56bfc062723c751e8b465ee728b)  -> (artifact id: '75f660363eca36ebfa194e6bf33a5be2') in 0.012859 seconds 
========================================================================
Received Prepare
Registering precompiled user dll's ...
Registered in 0.003652 seconds.
Begin MonoManager ReloadAssembly
Native extension for WindowsStandalone target not found
Refreshing native plugins compatible for Editor in 0.64 ms, found 3 plugins.
Preloading 0 native plugins for Editor in 0.00 ms.
Mono: successfully reloaded assembly
- Completed reload, in  0.987 seconds
Domain Reload Profiling:
	ReloadAssembly (988ms)
		BeginReloadAssembly (116ms)
			ExecutionOrderSort (0ms)
			DisableScriptedObjects (7ms)
			BackupInstance (0ms)
			ReleaseScriptingObjects (0ms)
			CreateAndSetChildDomain (34ms)
		EndReloadAssembly (814ms)
			LoadAssemblies (101ms)
			RebuildTransferFunctionScriptingTraits (0ms)
			SetupTypeCache (264ms)
			ReleaseScriptCaches (1ms)
			RebuildScriptCaches (48ms)
			SetupLoadedEditorAssemblies (314ms)
				LogAssemblyErrors (0ms)
				InitializePlatformSupportModulesInManaged (5ms)
				SetLoadedEditorAssemblies (1ms)
				RefreshPlugins (1ms)
				BeforeProcessingInitializeOnLoad (86ms)
				ProcessInitializeOnLoadAttributes (204ms)
				ProcessInitializeOnLoadMethodAttributes (12ms)
				AfterProcessingInitializeOnLoad (6ms)
				EditorAssembliesLoaded (0ms)
			ExecutionOrderSort2 (0ms)
			AwakeInstancesAfterBackupRestoration (9ms)
Platform modules already initialized, skipping
Refreshing native plugins compatible for Editor in 0.52 ms, found 3 plugins.
Preloading 0 native plugins for Editor in 0.00 ms.
Unloading 2235 Unused Serialized files (Serialized files now loaded: 0)
System memory in use before: 102.1 MB.
System memory in use after: 102.3 MB.

Unloading 14 unused Assets to reduce memory usage. Loaded Objects now: 2722.
Total: 3.037900 ms (FindLiveObjects: 0.200400 ms CreateObjectMapping: 0.111500 ms MarkObjects: 2.701600 ms  DeleteObjects: 0.023400 ms)

AssetImportParameters requested are different than current active one (requested -> active):
  custom:framework-win-MediaFoundation: 216162199b28c13a410421893ffa2e32 -> 
  custom:video-decoder-ogg-theora: a1e56fd34408186e4bbccfd4996cb3dc -> 
  custom:container-muxer-webm: aa71ff27fc2769a1b78a27578f13a17b -> 
  custom:container-demuxer-webm: 4f35f7cbe854078d1ac9338744f61a02 -> 
  custom:container-demuxer-ogg: 62fdf1f143b41e24485cea50d1cbac27 -> 
  custom:video-encoder-webm-vp8: eb34c28f22e8b96e1ab97ce403110664 -> 
  custom:video-decoder-webm-vp8: 9c59270c3fd7afecdb556c50c9e8de78 -> 
  custom:audio-decoder-ogg-vorbis: bf7c407c2cedff20999df2af8eb42d56 -> 
  custom:audio-encoder-webm-vorbis: bf7c407c2cedff20999df2af8eb42d56 -> 
========================================================================
Received Prepare
Registering precompiled user dll's ...
Registered in 0.003602 seconds.
Begin MonoManager ReloadAssembly
Native extension for WindowsStandalone target not found
Refreshing native plugins compatible for Editor in 0.51 ms, found 3 plugins.
Preloading 0 native plugins for Editor in 0.00 ms.
Mono: successfully reloaded assembly
- Completed reload, in  0.981 seconds
Domain Reload Profiling:
	ReloadAssembly (982ms)
		BeginReloadAssembly (112ms)
			ExecutionOrderSort (0ms)
			DisableScriptedObjects (6ms)
			BackupInstance (0ms)
			ReleaseScriptingObjects (0ms)
			CreateAndSetChildDomain (33ms)
		EndReloadAssembly (813ms)
			LoadAssemblies (99ms)
			RebuildTransferFunctionScriptingTraits (0ms)
			SetupTypeCache (263ms)
			ReleaseScriptCaches (1ms)
			RebuildScriptCaches (48ms)
			SetupLoadedEditorAssemblies (314ms)
				LogAssemblyErrors (0ms)
				InitializePlatformSupportModulesInManaged (5ms)
				SetLoadedEditorAssemblies (1ms)
				RefreshPlugins (1ms)
				BeforeProcessingInitializeOnLoad (84ms)
				ProcessInitializeOnLoadAttributes (206ms)
				ProcessInitializeOnLoadMethodAttributes (12ms)
				AfterProcessingInitializeOnLoad (6ms)
				EditorAssembliesLoaded (0ms)
			ExecutionOrderSort2 (0ms)
			AwakeInstancesAfterBackupRestoration (9ms)
Platform modules already initialized, skipping
Refreshing native plugins compatible for Editor in 0.51 ms, found 3 plugins.
Preloading 0 native plugins for Editor in 0.00 ms.
Unloading 2235 Unused Serialized files (Serialized files now loaded: 0)
System memory in use before: 102.1 MB.
System memory in use after: 102.3 MB.

Unloading 14 unused Assets to reduce memory usage. Loaded Objects now: 2725.
Total: 2.901500 ms (FindLiveObjects: 0.194300 ms CreateObjectMapping: 0.101200 ms MarkObjects: 2.575700 ms  DeleteObjects: 0.028700 ms)

AssetImportParameters requested are different than current active one (requested -> active):
  custom:framework-win-MediaFoundation: 216162199b28c13a410421893ffa2e32 -> 
  custom:video-decoder-ogg-theora: a1e56fd34408186e4bbccfd4996cb3dc -> 
  custom:container-muxer-webm: aa71ff27fc2769a1b78a27578f13a17b -> 
  custom:container-demuxer-webm: 4f35f7cbe854078d1ac9338744f61a02 -> 
  custom:container-demuxer-ogg: 62fdf1f143b41e24485cea50d1cbac27 -> 
  custom:video-encoder-webm-vp8: eb34c28f22e8b96e1ab97ce403110664 -> 
  custom:video-decoder-webm-vp8: 9c59270c3fd7afecdb556c50c9e8de78 -> 
  custom:audio-decoder-ogg-vorbis: bf7c407c2cedff20999df2af8eb42d56 -> 
  custom:audio-encoder-webm-vorbis: bf7c407c2cedff20999df2af8eb42d56 -> 
========================================================================
Received Prepare
Registering precompiled user dll's ...
Registered in 0.004768 seconds.
Begin MonoManager ReloadAssembly
Native extension for WindowsStandalone target not found
Refreshing native plugins compatible for Editor in 0.60 ms, found 3 plugins.
Preloading 0 native plugins for Editor in 0.00 ms.
Mono: successfully reloaded assembly
- Completed reload, in  1.006 seconds
Domain Reload Profiling:
	ReloadAssembly (1007ms)
		BeginReloadAssembly (113ms)
			ExecutionOrderSort (0ms)
			DisableScriptedObjects (7ms)
			BackupInstance (0ms)
			ReleaseScriptingObjects (0ms)
			CreateAndSetChildDomain (32ms)
		EndReloadAssembly (838ms)
			LoadAssemblies (109ms)
			RebuildTransferFunctionScriptingTraits (0ms)
			SetupTypeCache (267ms)
			ReleaseScriptCaches (1ms)
			RebuildScriptCaches (53ms)
			SetupLoadedEditorAssemblies (319ms)
				LogAssemblyErrors (0ms)
				InitializePlatformSupportModulesInManaged (5ms)
				SetLoadedEditorAssemblies (1ms)
				RefreshPlugins (1ms)
				BeforeProcessingInitializeOnLoad (87ms)
				ProcessInitializeOnLoadAttributes (208ms)
				ProcessInitializeOnLoadMethodAttributes (13ms)
				AfterProcessingInitializeOnLoad (6ms)
				EditorAssembliesLoaded (0ms)
			ExecutionOrderSort2 (0ms)
			AwakeInstancesAfterBackupRestoration (9ms)
Platform modules already initialized, skipping
Refreshing native plugins compatible for Editor in 0.51 ms, found 3 plugins.
Preloading 0 native plugins for Editor in 0.00 ms.
Unloading 2235 Unused Serialized files (Serialized files now loaded: 0)
System memory in use before: 102.1 MB.
System memory in use after: 102.3 MB.

Unloading 14 unused Assets to reduce memory usage. Loaded Objects now: 2728.
Total: 2.975700 ms (FindLiveObjects: 0.171100 ms CreateObjectMapping: 0.106300 ms MarkObjects: 2.676800 ms  DeleteObjects: 0.020500 ms)

AssetImportParameters requested are different than current active one (requested -> active):
  custom:framework-win-MediaFoundation: 216162199b28c13a410421893ffa2e32 -> 
  custom:video-decoder-ogg-theora: a1e56fd34408186e4bbccfd4996cb3dc -> 
  custom:container-muxer-webm: aa71ff27fc2769a1b78a27578f13a17b -> 
  custom:container-demuxer-webm: 4f35f7cbe854078d1ac9338744f61a02 -> 
  custom:container-demuxer-ogg: 62fdf1f143b41e24485cea50d1cbac27 -> 
  custom:video-encoder-webm-vp8: eb34c28f22e8b96e1ab97ce403110664 -> 
  custom:video-decoder-webm-vp8: 9c59270c3fd7afecdb556c50c9e8de78 -> 
  custom:audio-decoder-ogg-vorbis: bf7c407c2cedff20999df2af8eb42d56 -> 
  custom:audio-encoder-webm-vorbis: bf7c407c2cedff20999df2af8eb42d56 -> 
========================================================================
Received Import Request.
  Time since last request: 620.749665 seconds.
  path: Assets/Prefabs/Characters/Animation/Cabelo 2/Cabelo 2 idle.png
  artifactKey: Guid(0062485e246c39144b9b9ef02d94198a) Importer(815301076,1909f56bfc062723c751e8b465ee728b)
Start importing Assets/Prefabs/Characters/Animation/Cabelo 2/Cabelo 2 idle.png using Guid(0062485e246c39144b9b9ef02d94198a) Importer(815301076,1909f56bfc062723c751e8b465ee728b)  -> (artifact id: 'f361fcfaa8adf894f4e538ad0e7d5a31') in 0.083758 seconds 
========================================================================
Received Import Request.
  Time since last request: 3.537863 seconds.
  path: Assets/Prefabs/Characters/Cabelo 1.prefab
  artifactKey: Guid(ea0cc3cc27f57aa409a07b84ea07da01) Importer(815301076,1909f56bfc062723c751e8b465ee728b)
Start importing Assets/Prefabs/Characters/Cabelo 1.prefab using Guid(ea0cc3cc27f57aa409a07b84ea07da01) Importer(815301076,1909f56bfc062723c751e8b465ee728b) The Animator Controller (Cabelo 1) you have used is not valid. Animations will not play
UnityEngine.StackTraceUtility:ExtractStackTrace ()
UnityEditor.EditorUtility:Internal_InstantiateRemoveAllNonAnimationComponentsSingle (UnityEngine.Object,UnityEngine.Vector3,UnityEngine.Quaternion)
UnityEditor.EditorUtility:InstantiateRemoveAllNonAnimationComponents (UnityEngine.Object,UnityEngine.Vector3,UnityEngine.Quaternion)
UnityEditor.EditorUtility:InstantiateForAnimatorPreview (UnityEngine.Object)
UnityEditor.GameObjectInspector/PreviewData:UpdateGameObject (UnityEngine.Object)
UnityEditor.GameObjectInspector/PreviewData:.ctor (UnityEngine.Object)
UnityEditor.GameObjectInspector:GetPreviewData ()
UnityEditor.GameObjectInspector:RenderStaticPreview (string,UnityEngine.Object[],int,int)
UnityEditor.AssetPreviewUpdater:CreatePreviewForAsset (UnityEngine.Object,UnityEngine.Object[],string)

[C:\buildslave\unity\build\Modules/Animation/Director/AnimatorControllerPlayable.cpp line 333]

The Animator Controller (Cabelo 1) you have used is not valid. Animations will not play
UnityEngine.StackTraceUtility:ExtractStackTrace ()
UnityEditor.EditorUtility:InitInstantiatedPreviewRecursive (UnityEngine.GameObject)
UnityEditor.EditorUtility:InstantiateForAnimatorPreview (UnityEngine.Object)
UnityEditor.GameObjectInspector/PreviewData:UpdateGameObject (UnityEngine.Object)
UnityEditor.GameObjectInspector/PreviewData:.ctor (UnityEngine.Object)
UnityEditor.GameObjectInspector:GetPreviewData ()
UnityEditor.GameObjectInspector:RenderStaticPreview (string,UnityEngine.Object[],int,int)
UnityEditor.AssetPreviewUpdater:CreatePreviewForAsset (UnityEngine.Object,UnityEngine.Object[],string)

[C:\buildslave\unity\build\Modules/Animation/Director/AnimatorControllerPlayable.cpp line 333]

 -> (artifact id: '158e10550728f987d84afa682ea92264') in 0.068879 seconds 
========================================================================
Received Import Request.
  Time since last request: 37.667610 seconds.
  path: Assets/Prefabs/Characters/Animation/Cabelo 2/Cabelo 2 idle.png
  artifactKey: Guid(0062485e246c39144b9b9ef02d94198a) Importer(815301076,1909f56bfc062723c751e8b465ee728b)
Start importing Assets/Prefabs/Characters/Animation/Cabelo 2/Cabelo 2 idle.png using Guid(0062485e246c39144b9b9ef02d94198a) Importer(815301076,1909f56bfc062723c751e8b465ee728b)  -> (artifact id: '8c2007530e9babf8c2df8940c70e3395') in 0.027395 seconds 
========================================================================
Received Import Request.
  Time since last request: 14.657315 seconds.
  path: Assets/Prefabs/Characters/Animation/Cabelo 2/Cabelo 2 idle.png
  artifactKey: Guid(0062485e246c39144b9b9ef02d94198a) Importer(815301076,1909f56bfc062723c751e8b465ee728b)
Start importing Assets/Prefabs/Characters/Animation/Cabelo 2/Cabelo 2 idle.png using Guid(0062485e246c39144b9b9ef02d94198a) Importer(815301076,1909f56bfc062723c751e8b465ee728b)  -> (artifact id: '37fae7ab961cc78e6022b4025c950a69') in 0.088550 seconds 
========================================================================
Received Import Request.
  Time since last request: 37.879313 seconds.
  path: Assets/Prefabs/Characters/Animation/Cabelo 2/move.anim
  artifactKey: Guid(26c0ab34bfa23e3478e3703a72692940) Importer(815301076,1909f56bfc062723c751e8b465ee728b)
Start importing Assets/Prefabs/Characters/Animation/Cabelo 2/move.anim using Guid(26c0ab34bfa23e3478e3703a72692940) Importer(815301076,1909f56bfc062723c751e8b465ee728b)  -> (artifact id: '3a8b9c504dc605559e7d8d870f095063') in 0.016818 seconds 
========================================================================
Received Import Request.
  Time since last request: 2.969299 seconds.
  path: Assets/Prefabs/Characters/Animation/Cabelo 2/Cabelo 2.controller
  artifactKey: Guid(b8aaf116150c85942bf1df7f7df1452c) Importer(815301076,1909f56bfc062723c751e8b465ee728b)
Start importing Assets/Prefabs/Characters/Animation/Cabelo 2/Cabelo 2.controller using Guid(b8aaf116150c85942bf1df7f7df1452c) Importer(815301076,1909f56bfc062723c751e8b465ee728b)  -> (artifact id: 'e4cb570a46df0911c33504e2371a2105') in 0.015995 seconds 
========================================================================
Received Import Request.
  Time since last request: 951.737627 seconds.
  path: Assets/Prefabs/Characters/Animation/Cabelo Grande 1/Cabelo Grande 1 idle.png
  artifactKey: Guid(87c524a3e7f221349a5796bde435de65) Importer(815301076,1909f56bfc062723c751e8b465ee728b)
Start importing Assets/Prefabs/Characters/Animation/Cabelo Grande 1/Cabelo Grande 1 idle.png using Guid(87c524a3e7f221349a5796bde435de65) Importer(815301076,1909f56bfc062723c751e8b465ee728b)  -> (artifact id: 'f23f5dd327ec62f8a7e536ca6d1ea5e0') in 0.094659 seconds 
========================================================================
Received Import Request.
  Time since last request: 1000.148833 seconds.
  path: Assets/Prefabs/Characters/Animation/Cabelo Grande 2/Cabelo Grande 2 idle.png
  artifactKey: Guid(3dd47681dde68fa4191574ca5c2eff41) Importer(815301076,1909f56bfc062723c751e8b465ee728b)
Start importing Assets/Prefabs/Characters/Animation/Cabelo Grande 2/Cabelo Grande 2 idle.png using Guid(3dd47681dde68fa4191574ca5c2eff41) Importer(815301076,1909f56bfc062723c751e8b465ee728b)  -> (artifact id: 'c47c47851f76d187ba5bb36244aed542') in 0.030482 seconds 
========================================================================
Received Import Request.
  Time since last request: 1.692845 seconds.
  path: Assets/Prefabs/Characters/Animation/Careca 1/careca 1 idle.png
  artifactKey: Guid(99647c28e00b48344af63f7549b3e73b) Importer(815301076,1909f56bfc062723c751e8b465ee728b)
Start importing Assets/Prefabs/Characters/Animation/Careca 1/careca 1 idle.png using Guid(99647c28e00b48344af63f7549b3e73b) Importer(815301076,1909f56bfc062723c751e8b465ee728b)  -> (artifact id: '926a14ab9b48766f96f10a466501984e') in 0.060062 seconds 
========================================================================
Received Import Request.
  Time since last request: 978.371958 seconds.
  path: Assets/Prefabs/Characters/Animation/Careca 2/Careca 2 idle.png
  artifactKey: Guid(826f2871fa0ecbf4387e03862b1d1d21) Importer(815301076,1909f56bfc062723c751e8b465ee728b)
Start importing Assets/Prefabs/Characters/Animation/Careca 2/Careca 2 idle.png using Guid(826f2871fa0ecbf4387e03862b1d1d21) Importer(815301076,1909f56bfc062723c751e8b465ee728b)  -> (artifact id: '586f566da4db9c9008052c1e7e8f39e2') in 0.153168 seconds 
========================================================================
Received Import Request.
  Time since last request: 6.777399 seconds.
  path: Assets/Prefabs/Characters/Animation/Cabelo 2/idle.anim
  artifactKey: Guid(4a184cbbd4f518f409ab0a652f34a5ea) Importer(815301076,1909f56bfc062723c751e8b465ee728b)
Start importing Assets/Prefabs/Characters/Animation/Cabelo 2/idle.anim using Guid(4a184cbbd4f518f409ab0a652f34a5ea) Importer(815301076,1909f56bfc062723c751e8b465ee728b)  -> (artifact id: '24c31bc4705f4b06fff06d723e5b927a') in 0.023372 seconds 
========================================================================
Received Import Request.
  Time since last request: 10.690701 seconds.
  path: Assets/Prefabs/Characters/Animation/Cabelo Grande 1/New Animation.anim
  artifactKey: Guid(1d2bf71945670c746add540ee0e8b891) Importer(815301076,1909f56bfc062723c751e8b465ee728b)
Start importing Assets/Prefabs/Characters/Animation/Cabelo Grande 1/New Animation.anim using Guid(1d2bf71945670c746add540ee0e8b891) Importer(815301076,1909f56bfc062723c751e8b465ee728b)  -> (artifact id: 'd7b4b0bb34e86aa5f260b85a07fc3f41') in 0.400948 seconds 
========================================================================
Received Import Request.
  Time since last request: 39.287866 seconds.
  path: Assets/Prefabs/Characters/Cabelo 2.prefab
  artifactKey: Guid(fd81a2326b05ec148a2456eeeba5cc7e) Importer(815301076,1909f56bfc062723c751e8b465ee728b)
Start importing Assets/Prefabs/Characters/Cabelo 2.prefab using Guid(fd81a2326b05ec148a2456eeeba5cc7e) Importer(815301076,1909f56bfc062723c751e8b465ee728b) The Animator Controller (Cabelo 2) you have used is not valid. Animations will not play
UnityEngine.StackTraceUtility:ExtractStackTrace ()
UnityEditor.EditorUtility:Internal_InstantiateRemoveAllNonAnimationComponentsSingle (UnityEngine.Object,UnityEngine.Vector3,UnityEngine.Quaternion)
UnityEditor.EditorUtility:InstantiateRemoveAllNonAnimationComponents (UnityEngine.Object,UnityEngine.Vector3,UnityEngine.Quaternion)
UnityEditor.EditorUtility:InstantiateForAnimatorPreview (UnityEngine.Object)
UnityEditor.GameObjectInspector/PreviewData:UpdateGameObject (UnityEngine.Object)
UnityEditor.GameObjectInspector/PreviewData:.ctor (UnityEngine.Object)
UnityEditor.GameObjectInspector:GetPreviewData ()
UnityEditor.GameObjectInspector:RenderStaticPreview (string,UnityEngine.Object[],int,int)
UnityEditor.AssetPreviewUpdater:CreatePreviewForAsset (UnityEngine.Object,UnityEngine.Object[],string)

[C:\buildslave\unity\build\Modules/Animation/Director/AnimatorControllerPlayable.cpp line 333]

The Animator Controller (Cabelo 2) you have used is not valid. Animations will not play
UnityEngine.StackTraceUtility:ExtractStackTrace ()
UnityEditor.EditorUtility:InitInstantiatedPreviewRecursive (UnityEngine.GameObject)
UnityEditor.EditorUtility:InstantiateForAnimatorPreview (UnityEngine.Object)
UnityEditor.GameObjectInspector/PreviewData:UpdateGameObject (UnityEngine.Object)
UnityEditor.GameObjectInspector/PreviewData:.ctor (UnityEngine.Object)
UnityEditor.GameObjectInspector:GetPreviewData ()
UnityEditor.GameObjectInspector:RenderStaticPreview (string,UnityEngine.Object[],int,int)
UnityEditor.AssetPreviewUpdater:CreatePreviewForAsset (UnityEngine.Object,UnityEngine.Object[],string)

[C:\buildslave\unity\build\Modules/Animation/Director/AnimatorControllerPlayable.cpp line 333]

 -> (artifact id: '88a7c951c175907db4dc08554cbea542') in 0.020077 seconds 
========================================================================
Received Import Request.
  Time since last request: 24.328471 seconds.
  path: Assets/Prefabs/Characters/Animation/Cabelo Grande 1/Cabelo Grande 1 idle.png
  artifactKey: Guid(87c524a3e7f221349a5796bde435de65) Importer(815301076,1909f56bfc062723c751e8b465ee728b)
Start importing Assets/Prefabs/Characters/Animation/Cabelo Grande 1/Cabelo Grande 1 idle.png using Guid(87c524a3e7f221349a5796bde435de65) Importer(815301076,1909f56bfc062723c751e8b465ee728b)  -> (artifact id: '406a5f0bcb8dc71e54d8f7670793671e') in 0.032999 seconds 
========================================================================
Received Import Request.
  Time since last request: 9.984850 seconds.
  path: Assets/Prefabs/Characters/Animation/Cabelo Grande 1/Cabelo Grande 1 idle.png
  artifactKey: Guid(87c524a3e7f221349a5796bde435de65) Importer(815301076,1909f56bfc062723c751e8b465ee728b)
Start importing Assets/Prefabs/Characters/Animation/Cabelo Grande 1/Cabelo Grande 1 idle.png using Guid(87c524a3e7f221349a5796bde435de65) Importer(815301076,1909f56bfc062723c751e8b465ee728b)  -> (artifact id: 'a077fe678a666ebfaada9397bfa6c76d') in 0.031295 seconds 
========================================================================
Received Import Request.
  Time since last request: 15.669728 seconds.
  path: Assets/Prefabs/Characters/Animation/Cabelo Grande 1/Cabelo Grande 1.controller
  artifactKey: Guid(fd2acaee60013cf41b89c87fb6053802) Importer(815301076,1909f56bfc062723c751e8b465ee728b)
Start importing Assets/Prefabs/Characters/Animation/Cabelo Grande 1/Cabelo Grande 1.controller using Guid(fd2acaee60013cf41b89c87fb6053802) Importer(815301076,1909f56bfc062723c751e8b465ee728b)  -> (artifact id: 'e8ee5de578e581190b024c0190c0aa56') in 0.006966 seconds 
========================================================================
Received Import Request.
  Time since last request: 89.979359 seconds.
  path: Assets/Prefabs/Characters/Animation/Cabelo Grande 2/Cabelo Grande 2.controller
  artifactKey: Guid(000ce319be7747a4b969e89823131729) Importer(815301076,1909f56bfc062723c751e8b465ee728b)
Start importing Assets/Prefabs/Characters/Animation/Cabelo Grande 2/Cabelo Grande 2.controller using Guid(000ce319be7747a4b969e89823131729) Importer(815301076,1909f56bfc062723c751e8b465ee728b)  -> (artifact id: '848ab3b2db64b33df34985f175f26f84') in 0.032622 seconds 
========================================================================
Received Import Request.
  Time since last request: 2.419586 seconds.
  path: Assets/Prefabs/Characters/Animation/Cabelo Grande 2/New Animation.anim
  artifactKey: Guid(811b2743f7fdcc944ae9b0ca71f9d410) Importer(815301076,1909f56bfc062723c751e8b465ee728b)
Start importing Assets/Prefabs/Characters/Animation/Cabelo Grande 2/New Animation.anim using Guid(811b2743f7fdcc944ae9b0ca71f9d410) Importer(815301076,1909f56bfc062723c751e8b465ee728b)  -> (artifact id: 'a0f9cf27b63f28c67c0bb443a729956b') in 0.006820 seconds 
========================================================================
Received Import Request.
  Time since last request: 13.999249 seconds.
  path: Assets/Prefabs/Characters/Animation/Cabelo Grande 2/Cabelo Grande 2 idle.png
  artifactKey: Guid(3dd47681dde68fa4191574ca5c2eff41) Importer(815301076,1909f56bfc062723c751e8b465ee728b)
Start importing Assets/Prefabs/Characters/Animation/Cabelo Grande 2/Cabelo Grande 2 idle.png using Guid(3dd47681dde68fa4191574ca5c2eff41) Importer(815301076,1909f56bfc062723c751e8b465ee728b)  -> (artifact id: 'faa8be566bb56c05020d2bb2b2129305') in 0.019046 seconds 
========================================================================
Received Import Request.
  Time since last request: 8.650821 seconds.
  path: Assets/Prefabs/Characters/Animation/Cabelo Grande 2/Cabelo Grande 2 idle.png
  artifactKey: Guid(3dd47681dde68fa4191574ca5c2eff41) Importer(815301076,1909f56bfc062723c751e8b465ee728b)
Start importing Assets/Prefabs/Characters/Animation/Cabelo Grande 2/Cabelo Grande 2 idle.png using Guid(3dd47681dde68fa4191574ca5c2eff41) Importer(815301076,1909f56bfc062723c751e8b465ee728b)  -> (artifact id: '90ba2a5e8e270abdb4ade2c78100313f') in 0.420437 seconds 
========================================================================
Received Import Request.
  Time since last request: 5.578017 seconds.
  path: Assets/Prefabs/Characters/Animation/Cabelo Grande 2/Cabelo Grande 2 idle_0.controller
  artifactKey: Guid(a5aabb0f30f473049b20708d622f078a) Importer(815301076,1909f56bfc062723c751e8b465ee728b)
Start importing Assets/Prefabs/Characters/Animation/Cabelo Grande 2/Cabelo Grande 2 idle_0.controller using Guid(a5aabb0f30f473049b20708d622f078a) Importer(815301076,1909f56bfc062723c751e8b465ee728b)  -> (artifact id: '42cd21acb93374323195ac266755dc67') in 0.042225 seconds 
========================================================================
Received Import Request.
  Time since last request: 1.696640 seconds.
  path: Assets/Prefabs/Characters/Animation/Cabelo Grande 2/New Animation.anim
  artifactKey: Guid(811b2743f7fdcc944ae9b0ca71f9d410) Importer(815301076,1909f56bfc062723c751e8b465ee728b)
Start importing Assets/Prefabs/Characters/Animation/Cabelo Grande 2/New Animation.anim using Guid(811b2743f7fdcc944ae9b0ca71f9d410) Importer(815301076,1909f56bfc062723c751e8b465ee728b)  -> (artifact id: 'c608c218e93742a99d4deca3697a54ab') in 0.019370 seconds 
========================================================================
Received Import Request.
  Time since last request: 17.838287 seconds.
  path: Assets/Prefabs/Characters/Animation/Cabelo Grande 2/cabelo_grande_1_0.controller
  artifactKey: Guid(459343cb63ab3054d86c5aca12a9cec4) Importer(815301076,1909f56bfc062723c751e8b465ee728b)
Start importing Assets/Prefabs/Characters/Animation/Cabelo Grande 2/cabelo_grande_1_0.controller using Guid(459343cb63ab3054d86c5aca12a9cec4) Importer(815301076,1909f56bfc062723c751e8b465ee728b)  -> (artifact id: 'f8880580cacda9fa69e274339ea7ff40') in 0.015801 seconds 
========================================================================
Received Import Request.
  Time since last request: 5.404802 seconds.
  path: Assets/Prefabs/Characters/Animation/Cabelo Grande 2/idle.anim
  artifactKey: Guid(10e88f15365ac2a4593e4710eb0a5725) Importer(815301076,1909f56bfc062723c751e8b465ee728b)
Start importing Assets/Prefabs/Characters/Animation/Cabelo Grande 2/idle.anim using Guid(10e88f15365ac2a4593e4710eb0a5725) Importer(815301076,1909f56bfc062723c751e8b465ee728b)  -> (artifact id: 'e72b47eb2235120e9b198e19d99c0b9c') in 0.006857 seconds 
========================================================================
Received Import Request.
  Time since last request: 1.556033 seconds.
  path: Assets/Prefabs/Characters/Animation/Cabelo Grande 2/move.anim
  artifactKey: Guid(adf918c7c5442d7478b838a70bfd8608) Importer(815301076,1909f56bfc062723c751e8b465ee728b)
Start importing Assets/Prefabs/Characters/Animation/Cabelo Grande 2/move.anim using Guid(adf918c7c5442d7478b838a70bfd8608) Importer(815301076,1909f56bfc062723c751e8b465ee728b)  -> (artifact id: '8b607043dbf2fa93336c37a1af6fc1af') in 0.006585 seconds 
========================================================================
Received Import Request.
  Time since last request: 882.082058 seconds.
  path: Assets/Prefabs/Characters/Cabelo Grande 2.prefab
  artifactKey: Guid(1b05a6353622f284d9bb11b0fcbec509) Importer(815301076,1909f56bfc062723c751e8b465ee728b)
Start importing Assets/Prefabs/Characters/Cabelo Grande 2.prefab using Guid(1b05a6353622f284d9bb11b0fcbec509) Importer(815301076,1909f56bfc062723c751e8b465ee728b)  -> (artifact id: 'b014b01dd0be1932909a4c4a567ea3f8') in 0.059493 seconds 
========================================================================
Received Import Request.
  Time since last request: 15.846585 seconds.
  path: Assets/Prefabs/Characters/Cabelo Grande 2.prefab
  artifactKey: Guid(1b05a6353622f284d9bb11b0fcbec509) Importer(815301076,1909f56bfc062723c751e8b465ee728b)
Start importing Assets/Prefabs/Characters/Cabelo Grande 2.prefab using Guid(1b05a6353622f284d9bb11b0fcbec509) Importer(815301076,1909f56bfc062723c751e8b465ee728b)  -> (artifact id: '225eb2e67a30c2998859622fcd796638') in 0.155113 seconds 
========================================================================
Received Import Request.
  Time since last request: 16.388425 seconds.
  path: Assets/Prefabs/Characters/Cabelo Grande 2.prefab
  artifactKey: Guid(1b05a6353622f284d9bb11b0fcbec509) Importer(815301076,1909f56bfc062723c751e8b465ee728b)
Start importing Assets/Prefabs/Characters/Cabelo Grande 2.prefab using Guid(1b05a6353622f284d9bb11b0fcbec509) Importer(815301076,1909f56bfc062723c751e8b465ee728b)  -> (artifact id: '054f8b020da5d8ff92abc4b41f3e79a5') in 0.115191 seconds 
========================================================================
Received Import Request.
  Time since last request: 34.191002 seconds.
  path: Assets/Prefabs/Characters/Cabelo Grande 2.prefab
  artifactKey: Guid(1b05a6353622f284d9bb11b0fcbec509) Importer(815301076,1909f56bfc062723c751e8b465ee728b)
Start importing Assets/Prefabs/Characters/Cabelo Grande 2.prefab using Guid(1b05a6353622f284d9bb11b0fcbec509) Importer(815301076,1909f56bfc062723c751e8b465ee728b) The Animator Controller (Cabelo Grande 2 idle_0) you have used is not valid. Animations will not play
UnityEngine.StackTraceUtility:ExtractStackTrace ()
UnityEditor.EditorUtility:Internal_InstantiateRemoveAllNonAnimationComponentsSingle (UnityEngine.Object,UnityEngine.Vector3,UnityEngine.Quaternion)
UnityEditor.EditorUtility:InstantiateRemoveAllNonAnimationComponents (UnityEngine.Object,UnityEngine.Vector3,UnityEngine.Quaternion)
UnityEditor.EditorUtility:InstantiateForAnimatorPreview (UnityEngine.Object)
UnityEditor.GameObjectInspector/PreviewData:UpdateGameObject (UnityEngine.Object)
UnityEditor.GameObjectInspector/PreviewData:.ctor (UnityEngine.Object)
UnityEditor.GameObjectInspector:GetPreviewData ()
UnityEditor.GameObjectInspector:RenderStaticPreview (string,UnityEngine.Object[],int,int)
UnityEditor.AssetPreviewUpdater:CreatePreviewForAsset (UnityEngine.Object,UnityEngine.Object[],string)

[C:\buildslave\unity\build\Modules/Animation/Director/AnimatorControllerPlayable.cpp line 333]

The Animator Controller (Cabelo Grande 2 idle_0) you have used is not valid. Animations will not play
UnityEngine.StackTraceUtility:ExtractStackTrace ()
UnityEditor.EditorUtility:InitInstantiatedPreviewRecursive (UnityEngine.GameObject)
UnityEditor.EditorUtility:InstantiateForAnimatorPreview (UnityEngine.Object)
UnityEditor.GameObjectInspector/PreviewData:UpdateGameObject (UnityEngine.Object)
UnityEditor.GameObjectInspector/PreviewData:.ctor (UnityEngine.Object)
UnityEditor.GameObjectInspector:GetPreviewData ()
UnityEditor.GameObjectInspector:RenderStaticPreview (string,UnityEngine.Object[],int,int)
UnityEditor.AssetPreviewUpdater:CreatePreviewForAsset (UnityEngine.Object,UnityEngine.Object[],string)

[C:\buildslave\unity\build\Modules/Animation/Director/AnimatorControllerPlayable.cpp line 333]

 -> (artifact id: '05ce73ece7074b0912ef16ce56ff794d') in 0.018750 seconds 
========================================================================
Received Import Request.
  Time since last request: 11.088226 seconds.
  path: Assets/Prefabs/Characters/Animation/Careca 1/New Animation.anim
  artifactKey: Guid(ed9997f5e59cfba41aa849a2f8269870) Importer(815301076,1909f56bfc062723c751e8b465ee728b)
Start importing Assets/Prefabs/Characters/Animation/Careca 1/New Animation.anim using Guid(ed9997f5e59cfba41aa849a2f8269870) Importer(815301076,1909f56bfc062723c751e8b465ee728b)  -> (artifact id: '1bfd78f9065142f41e24249645db03fb') in 0.007233 seconds 
========================================================================
Received Import Request.
  Time since last request: 12.315703 seconds.
  path: Assets/Prefabs/Characters/Animation/Careca 1/careca 1 idle.png
  artifactKey: Guid(99647c28e00b48344af63f7549b3e73b) Importer(815301076,1909f56bfc062723c751e8b465ee728b)
Start importing Assets/Prefabs/Characters/Animation/Careca 1/careca 1 idle.png using Guid(99647c28e00b48344af63f7549b3e73b) Importer(815301076,1909f56bfc062723c751e8b465ee728b)  -> (artifact id: 'd2102a8f15e91ff135233be4f1bccff5') in 0.024960 seconds 
========================================================================
Received Import Request.
  Time since last request: 11.635287 seconds.
  path: Assets/Prefabs/Characters/Animation/Careca 1/careca 1 idle.png
  artifactKey: Guid(99647c28e00b48344af63f7549b3e73b) Importer(815301076,1909f56bfc062723c751e8b465ee728b)
Start importing Assets/Prefabs/Characters/Animation/Careca 1/careca 1 idle.png using Guid(99647c28e00b48344af63f7549b3e73b) Importer(815301076,1909f56bfc062723c751e8b465ee728b)  -> (artifact id: 'cbe70e1aa4fdc2a6e34a5328c516d943') in 0.034239 seconds 
========================================================================
Received Import Request.
  Time since last request: 53.451854 seconds.
  path: Assets/Prefabs/Characters/Animation/Careca 2/Careca 2_0.controller
  artifactKey: Guid(07ad91a87551cff4fb071151b43cd517) Importer(815301076,1909f56bfc062723c751e8b465ee728b)
Start importing Assets/Prefabs/Characters/Animation/Careca 2/Careca 2_0.controller using Guid(07ad91a87551cff4fb071151b43cd517) Importer(815301076,1909f56bfc062723c751e8b465ee728b)  -> (artifact id: 'f447e23f26ab4d7f5a56c6375549646f') in 0.011564 seconds 
========================================================================
Received Import Request.
  Time since last request: 2.844696 seconds.
  path: Assets/Prefabs/Characters/Animation/Careca 2/New Animation.anim
  artifactKey: Guid(539b399179632a94388a0f52b36ce810) Importer(815301076,1909f56bfc062723c751e8b465ee728b)
Start importing Assets/Prefabs/Characters/Animation/Careca 2/New Animation.anim using Guid(539b399179632a94388a0f52b36ce810) Importer(815301076,1909f56bfc062723c751e8b465ee728b)  -> (artifact id: '3359d1ccaad81693c54fa20d18ad56d8') in 0.005857 seconds 
========================================================================
Received Import Request.
  Time since last request: 18.744913 seconds.
  path: Assets/Prefabs/Characters/Animation/Careca 2/Careca 2 idle.png
  artifactKey: Guid(826f2871fa0ecbf4387e03862b1d1d21) Importer(815301076,1909f56bfc062723c751e8b465ee728b)
Start importing Assets/Prefabs/Characters/Animation/Careca 2/Careca 2 idle.png using Guid(826f2871fa0ecbf4387e03862b1d1d21) Importer(815301076,1909f56bfc062723c751e8b465ee728b)  -> (artifact id: 'a06557b05928b84fea9dce1b02dd1c9a') in 0.021621 seconds 
========================================================================
Received Import Request.
  Time since last request: 8.732688 seconds.
  path: Assets/Prefabs/Characters/Animation/Careca 2/Careca 2 idle.png
  artifactKey: Guid(826f2871fa0ecbf4387e03862b1d1d21) Importer(815301076,1909f56bfc062723c751e8b465ee728b)
Start importing Assets/Prefabs/Characters/Animation/Careca 2/Careca 2 idle.png using Guid(826f2871fa0ecbf4387e03862b1d1d21) Importer(815301076,1909f56bfc062723c751e8b465ee728b)  -> (artifact id: 'f4eee9c81cd4dfb3562679f79e8210c3') in 0.081594 seconds 
========================================================================
Received Import Request.
  Time since last request: 11.123274 seconds.
  path: Assets/Prefabs/Characters/Animation/Careca 2/Careca 2.controller
  artifactKey: Guid(c46165f2516c7ec4692bfe5fd6d8d2f4) Importer(815301076,1909f56bfc062723c751e8b465ee728b)
Start importing Assets/Prefabs/Characters/Animation/Careca 2/Careca 2.controller using Guid(c46165f2516c7ec4692bfe5fd6d8d2f4) Importer(815301076,1909f56bfc062723c751e8b465ee728b)  -> (artifact id: '1dc2344aa8f824c19a5d99ead1e18739') in 0.011397 seconds 
========================================================================
Received Import Request.
  Time since last request: 55.246488 seconds.
  path: Assets/Prefabs/Characters/Careca 2.prefab
  artifactKey: Guid(ef7af17635b4c1048b5829502dc7265c) Importer(815301076,1909f56bfc062723c751e8b465ee728b)
Start importing Assets/Prefabs/Characters/Careca 2.prefab using Guid(ef7af17635b4c1048b5829502dc7265c) Importer(815301076,1909f56bfc062723c751e8b465ee728b) The Animator Controller (Careca 2) you have used is not valid. Animations will not play
UnityEngine.StackTraceUtility:ExtractStackTrace ()
UnityEditor.EditorUtility:Internal_InstantiateRemoveAllNonAnimationComponentsSingle (UnityEngine.Object,UnityEngine.Vector3,UnityEngine.Quaternion)
UnityEditor.EditorUtility:InstantiateRemoveAllNonAnimationComponents (UnityEngine.Object,UnityEngine.Vector3,UnityEngine.Quaternion)
UnityEditor.EditorUtility:InstantiateForAnimatorPreview (UnityEngine.Object)
UnityEditor.GameObjectInspector/PreviewData:UpdateGameObject (UnityEngine.Object)
UnityEditor.GameObjectInspector/PreviewData:.ctor (UnityEngine.Object)
UnityEditor.GameObjectInspector:GetPreviewData ()
UnityEditor.GameObjectInspector:RenderStaticPreview (string,UnityEngine.Object[],int,int)
UnityEditor.AssetPreviewUpdater:CreatePreviewForAsset (UnityEngine.Object,UnityEngine.Object[],string)

[C:\buildslave\unity\build\Modules/Animation/Director/AnimatorControllerPlayable.cpp line 333]

The Animator Controller (Careca 2) you have used is not valid. Animations will not play
UnityEngine.StackTraceUtility:ExtractStackTrace ()
UnityEditor.EditorUtility:InitInstantiatedPreviewRecursive (UnityEngine.GameObject)
UnityEditor.EditorUtility:InstantiateForAnimatorPreview (UnityEngine.Object)
UnityEditor.GameObjectInspector/PreviewData:UpdateGameObject (UnityEngine.Object)
UnityEditor.GameObjectInspector/PreviewData:.ctor (UnityEngine.Object)
UnityEditor.GameObjectInspector:GetPreviewData ()
UnityEditor.GameObjectInspector:RenderStaticPreview (string,UnityEngine.Object[],int,int)
UnityEditor.AssetPreviewUpdater:CreatePreviewForAsset (UnityEngine.Object,UnityEngine.Object[],string)

[C:\buildslave\unity\build\Modules/Animation/Director/AnimatorControllerPlayable.cpp line 333]

 -> (artifact id: 'ca0b1784fc632211c606342bfec2ec3e') in 0.026075 seconds 
========================================================================
Received Import Request.
  Time since last request: 46.257923 seconds.
  path: Assets/Prefabs/Characters/Animation/Careca 1/Careca 1.controller
  artifactKey: Guid(49d781ec7e55f5146a97983ce188126a) Importer(815301076,1909f56bfc062723c751e8b465ee728b)
Start importing Assets/Prefabs/Characters/Animation/Careca 1/Careca 1.controller using Guid(49d781ec7e55f5146a97983ce188126a) Importer(815301076,1909f56bfc062723c751e8b465ee728b)  -> (artifact id: 'e40df89f69c637bd0e532a5407632912') in 0.297931 seconds 
========================================================================
Received Import Request.
  Time since last request: 4.717266 seconds.
  path: Assets/Prefabs/Characters/Animation/Careca 1/move.anim
  artifactKey: Guid(47d0de34b40d01943a4748686906477e) Importer(815301076,1909f56bfc062723c751e8b465ee728b)
Start importing Assets/Prefabs/Characters/Animation/Careca 1/move.anim using Guid(47d0de34b40d01943a4748686906477e) Importer(815301076,1909f56bfc062723c751e8b465ee728b)  -> (artifact id: 'c3ff5341c89d561e67e7732c1809e075') in 0.005932 seconds 
========================================================================
Received Prepare
Registering precompiled user dll's ...
Registered in 0.004161 seconds.
Begin MonoManager ReloadAssembly
Native extension for WindowsStandalone target not found
Refreshing native plugins compatible for Editor in 0.55 ms, found 3 plugins.
Preloading 0 native plugins for Editor in 0.00 ms.
Mono: successfully reloaded assembly
- Completed reload, in  1.342 seconds
Domain Reload Profiling:
	ReloadAssembly (1345ms)
		BeginReloadAssembly (275ms)
			ExecutionOrderSort (0ms)
			DisableScriptedObjects (20ms)
			BackupInstance (0ms)
			ReleaseScriptingObjects (0ms)
			CreateAndSetChildDomain (125ms)
		EndReloadAssembly (1006ms)
			LoadAssemblies (167ms)
			RebuildTransferFunctionScriptingTraits (0ms)
			SetupTypeCache (370ms)
			ReleaseScriptCaches (1ms)
			RebuildScriptCaches (57ms)
			SetupLoadedEditorAssemblies (341ms)
				LogAssemblyErrors (0ms)
				InitializePlatformSupportModulesInManaged (5ms)
				SetLoadedEditorAssemblies (1ms)
				RefreshPlugins (1ms)
				BeforeProcessingInitializeOnLoad (90ms)
				ProcessInitializeOnLoadAttributes (225ms)
				ProcessInitializeOnLoadMethodAttributes (13ms)
				AfterProcessingInitializeOnLoad (6ms)
				EditorAssembliesLoaded (0ms)
			ExecutionOrderSort2 (0ms)
			AwakeInstancesAfterBackupRestoration (10ms)
Platform modules already initialized, skipping
Refreshing native plugins compatible for Editor in 0.52 ms, found 3 plugins.
Preloading 0 native plugins for Editor in 0.00 ms.
Unloading 2235 Unused Serialized files (Serialized files now loaded: 0)
System memory in use before: 102.3 MB.
System memory in use after: 102.5 MB.

Unloading 14 unused Assets to reduce memory usage. Loaded Objects now: 2739.
Total: 3.085300 ms (FindLiveObjects: 0.207900 ms CreateObjectMapping: 0.106900 ms MarkObjects: 2.739700 ms  DeleteObjects: 0.029800 ms)

AssetImportParameters requested are different than current active one (requested -> active):
  custom:framework-win-MediaFoundation: 216162199b28c13a410421893ffa2e32 -> 
  custom:video-decoder-ogg-theora: a1e56fd34408186e4bbccfd4996cb3dc -> 
  custom:container-muxer-webm: aa71ff27fc2769a1b78a27578f13a17b -> 
  custom:container-demuxer-webm: 4f35f7cbe854078d1ac9338744f61a02 -> 
  custom:container-demuxer-ogg: 62fdf1f143b41e24485cea50d1cbac27 -> 
  custom:video-encoder-webm-vp8: eb34c28f22e8b96e1ab97ce403110664 -> 
  custom:video-decoder-webm-vp8: 9c59270c3fd7afecdb556c50c9e8de78 -> 
  custom:audio-decoder-ogg-vorbis: bf7c407c2cedff20999df2af8eb42d56 -> 
  custom:audio-encoder-webm-vorbis: bf7c407c2cedff20999df2af8eb42d56 -> 
========================================================================
Received Prepare
Registering precompiled user dll's ...
Registered in 0.003662 seconds.
Begin MonoManager ReloadAssembly
Native extension for WindowsStandalone target not found
Refreshing native plugins compatible for Editor in 0.57 ms, found 3 plugins.
Preloading 0 native plugins for Editor in 0.00 ms.
Mono: successfully reloaded assembly
- Completed reload, in  1.059 seconds
Domain Reload Profiling:
	ReloadAssembly (1059ms)
		BeginReloadAssembly (122ms)
			ExecutionOrderSort (0ms)
			DisableScriptedObjects (7ms)
			BackupInstance (0ms)
			ReleaseScriptingObjects (0ms)
			CreateAndSetChildDomain (34ms)
		EndReloadAssembly (875ms)
			LoadAssemblies (109ms)
			RebuildTransferFunctionScriptingTraits (0ms)
			SetupTypeCache (297ms)
			ReleaseScriptCaches (1ms)
			RebuildScriptCaches (53ms)
			SetupLoadedEditorAssemblies (317ms)
				LogAssemblyErrors (0ms)
				InitializePlatformSupportModulesInManaged (5ms)
				SetLoadedEditorAssemblies (1ms)
				RefreshPlugins (1ms)
				BeforeProcessingInitializeOnLoad (90ms)
				ProcessInitializeOnLoadAttributes (201ms)
				ProcessInitializeOnLoadMethodAttributes (12ms)
				AfterProcessingInitializeOnLoad (6ms)
				EditorAssembliesLoaded (0ms)
			ExecutionOrderSort2 (0ms)
			AwakeInstancesAfterBackupRestoration (9ms)
Platform modules already initialized, skipping
Refreshing native plugins compatible for Editor in 0.49 ms, found 3 plugins.
Preloading 0 native plugins for Editor in 0.00 ms.
Unloading 2235 Unused Serialized files (Serialized files now loaded: 0)
System memory in use before: 102.2 MB.
System memory in use after: 102.4 MB.

Unloading 14 unused Assets to reduce memory usage. Loaded Objects now: 2742.
Total: 2.920600 ms (FindLiveObjects: 0.185200 ms CreateObjectMapping: 0.095400 ms MarkObjects: 2.618100 ms  DeleteObjects: 0.021100 ms)

AssetImportParameters requested are different than current active one (requested -> active):
  custom:framework-win-MediaFoundation: 216162199b28c13a410421893ffa2e32 -> 
  custom:video-decoder-ogg-theora: a1e56fd34408186e4bbccfd4996cb3dc -> 
  custom:container-muxer-webm: aa71ff27fc2769a1b78a27578f13a17b -> 
  custom:container-demuxer-webm: 4f35f7cbe854078d1ac9338744f61a02 -> 
  custom:container-demuxer-ogg: 62fdf1f143b41e24485cea50d1cbac27 -> 
  custom:video-encoder-webm-vp8: eb34c28f22e8b96e1ab97ce403110664 -> 
  custom:video-decoder-webm-vp8: 9c59270c3fd7afecdb556c50c9e8de78 -> 
  custom:audio-decoder-ogg-vorbis: bf7c407c2cedff20999df2af8eb42d56 -> 
  custom:audio-encoder-webm-vorbis: bf7c407c2cedff20999df2af8eb42d56 -> 
========================================================================
Received Prepare
Registering precompiled user dll's ...
Registered in 0.003671 seconds.
Begin MonoManager ReloadAssembly
Native extension for WindowsStandalone target not found
Refreshing native plugins compatible for Editor in 0.57 ms, found 3 plugins.
Preloading 0 native plugins for Editor in 0.00 ms.
Mono: successfully reloaded assembly
- Completed reload, in  1.069 seconds
Domain Reload Profiling:
	ReloadAssembly (1070ms)
		BeginReloadAssembly (130ms)
			ExecutionOrderSort (0ms)
			DisableScriptedObjects (6ms)
			BackupInstance (0ms)
			ReleaseScriptingObjects (0ms)
			CreateAndSetChildDomain (42ms)
		EndReloadAssembly (884ms)
			LoadAssemblies (100ms)
			RebuildTransferFunctionScriptingTraits (0ms)
			SetupTypeCache (277ms)
			ReleaseScriptCaches (1ms)
			RebuildScriptCaches (64ms)
			SetupLoadedEditorAssemblies (335ms)
				LogAssemblyErrors (0ms)
				InitializePlatformSupportModulesInManaged (6ms)
				SetLoadedEditorAssemblies (1ms)
				RefreshPlugins (1ms)
				BeforeProcessingInitializeOnLoad (96ms)
				ProcessInitializeOnLoadAttributes (214ms)
				ProcessInitializeOnLoadMethodAttributes (12ms)
				AfterProcessingInitializeOnLoad (6ms)
				EditorAssembliesLoaded (0ms)
			ExecutionOrderSort2 (0ms)
			AwakeInstancesAfterBackupRestoration (9ms)
Platform modules already initialized, skipping
Refreshing native plugins compatible for Editor in 0.49 ms, found 3 plugins.
Preloading 0 native plugins for Editor in 0.00 ms.
Unloading 2235 Unused Serialized files (Serialized files now loaded: 0)
System memory in use before: 102.3 MB.
System memory in use after: 102.5 MB.

Unloading 14 unused Assets to reduce memory usage. Loaded Objects now: 2745.
Total: 15.311800 ms (FindLiveObjects: 0.257100 ms CreateObjectMapping: 11.729100 ms MarkObjects: 3.299500 ms  DeleteObjects: 0.025000 ms)

AssetImportParameters requested are different than current active one (requested -> active):
  custom:framework-win-MediaFoundation: 216162199b28c13a410421893ffa2e32 -> 
  custom:video-decoder-ogg-theora: a1e56fd34408186e4bbccfd4996cb3dc -> 
  custom:container-muxer-webm: aa71ff27fc2769a1b78a27578f13a17b -> 
  custom:container-demuxer-webm: 4f35f7cbe854078d1ac9338744f61a02 -> 
  custom:container-demuxer-ogg: 62fdf1f143b41e24485cea50d1cbac27 -> 
  custom:video-encoder-webm-vp8: eb34c28f22e8b96e1ab97ce403110664 -> 
  custom:video-decoder-webm-vp8: 9c59270c3fd7afecdb556c50c9e8de78 -> 
  custom:audio-decoder-ogg-vorbis: bf7c407c2cedff20999df2af8eb42d56 -> 
  custom:audio-encoder-webm-vorbis: bf7c407c2cedff20999df2af8eb42d56 -> 
========================================================================
Received Prepare
Refreshing native plugins compatible for Editor in 3.62 ms, found 3 plugins.
Preloading 0 native plugins for Editor in 0.00 ms.
Unloading 12 Unused Serialized files (Serialized files now loaded: 0)
System memory in use before: 58.2 MB.
System memory in use after: 58.4 MB.

Unloading 12 unused Assets to reduce memory usage. Loaded Objects now: 2745.
Total: 3.152300 ms (FindLiveObjects: 0.197100 ms CreateObjectMapping: 0.109500 ms MarkObjects: 2.809600 ms  DeleteObjects: 0.035100 ms)

AssetImportParameters requested are different than current active one (requested -> active):
  custom:framework-win-MediaFoundation: 216162199b28c13a410421893ffa2e32 -> 
  custom:video-decoder-ogg-theora: a1e56fd34408186e4bbccfd4996cb3dc -> 
  custom:container-muxer-webm: aa71ff27fc2769a1b78a27578f13a17b -> 
  custom:container-demuxer-webm: 4f35f7cbe854078d1ac9338744f61a02 -> 
  custom:container-demuxer-ogg: 62fdf1f143b41e24485cea50d1cbac27 -> 
  custom:video-encoder-webm-vp8: eb34c28f22e8b96e1ab97ce403110664 -> 
  custom:video-decoder-webm-vp8: 9c59270c3fd7afecdb556c50c9e8de78 -> 
  custom:audio-decoder-ogg-vorbis: bf7c407c2cedff20999df2af8eb42d56 -> 
  custom:audio-encoder-webm-vorbis: bf7c407c2cedff20999df2af8eb42d56 -> 
========================================================================
Received Import Request.
  Time since last request: 1276.164936 seconds.
  path: Assets/Scenes/2fase/Vestirio.unity
  artifactKey: Guid(d1c2f229a498ec14894120c12be5c796) Importer(815301076,1909f56bfc062723c751e8b465ee728b)
Start importing Assets/Scenes/2fase/Vestirio.unity using Guid(d1c2f229a498ec14894120c12be5c796) Importer(815301076,1909f56bfc062723c751e8b465ee728b)  -> (artifact id: '292ae7d388805c43f96042d79abe261d') in 0.013111 seconds 
========================================================================
Received Import Request.
  Time since last request: 10.384424 seconds.
  path: Assets/Scenes/2fase/Laboratrio.unity
  artifactKey: Guid(28617d058a12f644a83b2b0321757cda) Importer(815301076,1909f56bfc062723c751e8b465ee728b)
Start importing Assets/Scenes/2fase/Laboratrio.unity using Guid(28617d058a12f644a83b2b0321757cda) Importer(815301076,1909f56bfc062723c751e8b465ee728b)  -> (artifact id: 'dbab6d05e47443c0676202ea1acef34b') in 0.022687 seconds 
========================================================================
Received Prepare
Registering precompiled user dll's ...
Registered in 0.004102 seconds.
Begin MonoManager ReloadAssembly
Native extension for WindowsStandalone target not found
Refreshing native plugins compatible for Editor in 0.61 ms, found 3 plugins.
Preloading 0 native plugins for Editor in 0.00 ms.
Mono: successfully reloaded assembly
- Completed reload, in  1.014 seconds
Domain Reload Profiling:
	ReloadAssembly (1015ms)
		BeginReloadAssembly (138ms)
			ExecutionOrderSort (0ms)
			DisableScriptedObjects (7ms)
			BackupInstance (0ms)
			ReleaseScriptingObjects (0ms)
			CreateAndSetChildDomain (38ms)
		EndReloadAssembly (818ms)
			LoadAssemblies (104ms)
			RebuildTransferFunctionScriptingTraits (0ms)
			SetupTypeCache (267ms)
			ReleaseScriptCaches (1ms)
			RebuildScriptCaches (48ms)
			SetupLoadedEditorAssemblies (313ms)
				LogAssemblyErrors (0ms)
				InitializePlatformSupportModulesInManaged (5ms)
				SetLoadedEditorAssemblies (0ms)
				RefreshPlugins (1ms)
				BeforeProcessingInitializeOnLoad (86ms)
				ProcessInitializeOnLoadAttributes (203ms)
				ProcessInitializeOnLoadMethodAttributes (12ms)
				AfterProcessingInitializeOnLoad (6ms)
				EditorAssembliesLoaded (0ms)
			ExecutionOrderSort2 (0ms)
			AwakeInstancesAfterBackupRestoration (9ms)
Platform modules already initialized, skipping
Refreshing native plugins compatible for Editor in 0.50 ms, found 3 plugins.
Preloading 0 native plugins for Editor in 0.00 ms.
Unloading 2235 Unused Serialized files (Serialized files now loaded: 0)
System memory in use before: 102.3 MB.
System memory in use after: 102.6 MB.

Unloading 14 unused Assets to reduce memory usage. Loaded Objects now: 2748.
Total: 3.038200 ms (FindLiveObjects: 0.193600 ms CreateObjectMapping: 0.095500 ms MarkObjects: 2.723500 ms  DeleteObjects: 0.024700 ms)

AssetImportParameters requested are different than current active one (requested -> active):
  custom:framework-win-MediaFoundation: 216162199b28c13a410421893ffa2e32 -> 
  custom:video-decoder-ogg-theora: a1e56fd34408186e4bbccfd4996cb3dc -> 
  custom:container-muxer-webm: aa71ff27fc2769a1b78a27578f13a17b -> 
  custom:container-demuxer-webm: 4f35f7cbe854078d1ac9338744f61a02 -> 
  custom:container-demuxer-ogg: 62fdf1f143b41e24485cea50d1cbac27 -> 
  custom:video-encoder-webm-vp8: eb34c28f22e8b96e1ab97ce403110664 -> 
  custom:video-decoder-webm-vp8: 9c59270c3fd7afecdb556c50c9e8de78 -> 
  custom:audio-decoder-ogg-vorbis: bf7c407c2cedff20999df2af8eb42d56 -> 
  custom:audio-encoder-webm-vorbis: bf7c407c2cedff20999df2af8eb42d56 -> 
AssetImportWorkerClient::OnTransportError - code=2 error=End of file
